Build started 06-Dec-14 9:45:13 PM.
     1>Project "C:\Users\Kevin\Documents\Visual Studio 2012\Projects\GameProject\OpenGl_Lighting\OpenGl_Lighting.vcxproj" on node 2 (Build target(s)).
     1>ClCompile:
         C:\Program Files (x86)\Microsoft Visual Studio 11.0\VC\bin\CL.exe /c /I"C:\Users\Kevin\Documents\Visual Studio 2012\libs\include" /I"C:\Users\Kevin\Documents\Visual Studio 2012\libs\include\FREETYPE\freetype" /ZI /nologo /W3 /WX- /Od /Oy- /D _MBCS /Gm /EHsc /RTC1 /MDd /GS /fp:precise /Zc:wchar_t /Zc:forScope /Fo"Debug\\" /Fd"Debug\vc110.pdb" /Gd /TP /analyze- /errorReport:prompt renderScene.cpp
         renderScene.cpp
     1>c:\users\kevin\documents\visual studio 2012\projects\gameproject\opengl_lighting\renderscene.cpp(260): warning C4244: 'return' : conversion from 'double' to 'int', possible loss of data
     1>c:\users\kevin\documents\visual studio 2012\projects\gameproject\opengl_lighting\renderscene.cpp(347): warning C4244: '=' : conversion from 'double' to 'float', possible loss of data
     1>c:\users\kevin\documents\visual studio 2012\projects\gameproject\opengl_lighting\renderscene.cpp(390): warning C4244: '=' : conversion from 'int' to 'float', possible loss of data
     1>c:\users\kevin\documents\visual studio 2012\projects\gameproject\opengl_lighting\renderscene.cpp(391): warning C4244: '=' : conversion from 'int' to 'float', possible loss of data
     1>c:\users\kevin\documents\visual studio 2012\projects\gameproject\opengl_lighting\renderscene.cpp(431): warning C4244: '=' : conversion from 'double' to 'float', possible loss of data
     1>c:\users\kevin\documents\visual studio 2012\projects\gameproject\opengl_lighting\renderscene.cpp(561): warning C4244: '=' : conversion from 'int' to 'float', possible loss of data
     1>c:\users\kevin\documents\visual studio 2012\projects\gameproject\opengl_lighting\renderscene.cpp(564): warning C4244: '=' : conversion from 'int' to 'float', possible loss of data
     1>c:\users\kevin\documents\visual studio 2012\projects\gameproject\opengl_lighting\renderscene.cpp(568): warning C4244: '=' : conversion from 'int' to 'float', possible loss of data
     1>c:\users\kevin\documents\visual studio 2012\projects\gameproject\opengl_lighting\renderscene.cpp(571): warning C4244: '=' : conversion from 'int' to 'float', possible loss of data
     1>c:\users\kevin\documents\visual studio 2012\projects\gameproject\opengl_lighting\renderscene.cpp(576): warning C4244: '=' : conversion from 'int' to 'float', possible loss of data
     1>c:\users\kevin\documents\visual studio 2012\projects\gameproject\opengl_lighting\renderscene.cpp(579): warning C4244: '=' : conversion from 'int' to 'float', possible loss of data
     1>c:\users\kevin\documents\visual studio 2012\projects\gameproject\opengl_lighting\renderscene.cpp(583): warning C4244: '=' : conversion from 'int' to 'float', possible loss of data
     1>c:\users\kevin\documents\visual studio 2012\projects\gameproject\opengl_lighting\renderscene.cpp(586): warning C4244: '=' : conversion from 'int' to 'float', possible loss of data
         GLM: rotate function taking degrees as a parameter is deprecated. #define GLM_FORCE_RADIANS before including GLM headers to remove this message.
       Link:
         C:\Program Files (x86)\Microsoft Visual Studio 11.0\VC\bin\link.exe /ERRORREPORT:PROMPT /OUT:"C:\Users\Kevin\Documents\Visual Studio 2012\Projects\GameProject\Debug\OpenGl_Lighting.exe" /INCREMENTAL /NOLOGO /LIBPATH:"C:\Users\Kevin\Documents\Visual Studio 2012\libs" glew32.lib glfw3.lib opengl32.lib kernel32.lib user32.lib gdi32.lib winspool.lib comdlg32.lib advapi32.lib shell32.lib ole32.lib oleaut32.lib uuid.lib odbc32.lib odbccp32.lib kernel32.lib user32.lib gdi32.lib winspool.lib comdlg32.lib advapi32.lib shell32.lib ole32.lib oleaut32.lib uuid.lib odbc32.lib odbccp32.lib /MANIFEST /MANIFESTUAC:"level='asInvoker' uiAccess='false'" /manifest:embed /DEBUG /PDB:"C:\Users\Kevin\Documents\Visual Studio 2012\Projects\GameProject\Debug\OpenGl_Lighting.pdb" /TLBID:1 /DYNAMICBASE /NXCOMPAT /IMPLIB:"C:\Users\Kevin\Documents\Visual Studio 2012\Projects\GameProject\Debug\OpenGl_Lighting.lib" /MACHINE:X86 Debug\dirLight.obj
         Debug\enemy.obj
         Debug\flyingCamera.obj
         Debug\fog.obj
         Debug\objModel.obj
         Debug\openGLControl.obj
         Debug\pointLight.obj
         Debug\renderScene.obj
         Debug\shaders.obj
         Debug\skybox.obj
         Debug\static_geometry.obj
         Debug\texture.obj
         Debug\vertexBufferObject.obj
         Debug\win_OpenGLApp.obj
         OpenGl_Lighting.vcxproj -> C:\Users\Kevin\Documents\Visual Studio 2012\Projects\GameProject\Debug\OpenGl_Lighting.exe
     1>Done Building Project "C:\Users\Kevin\Documents\Visual Studio 2012\Projects\GameProject\OpenGl_Lighting\OpenGl_Lighting.vcxproj" (Build target(s)).

Build succeeded.

Time Elapsed 00:00:05.63
