Build started 05-Dec-14 12:28:32 PM.
     1>Project "C:\Users\Kevin\Documents\Visual Studio 2012\Projects\Graphics_Lab_3\Graphics_Lab_3\Graphics_Lab_3.vcxproj" on node 2 (Build target(s)).
     1>ClCompile:
         C:\Program Files (x86)\Microsoft Visual Studio 11.0\VC\bin\CL.exe /c /I"C:\Users\Kevin\Documents\Visual Studio 2012\libs\include" /ZI /nologo /W3 /WX- /Od /Oy- /D _MBCS /Gm /EHsc /RTC1 /MDd /GS /fp:precise /Zc:wchar_t /Zc:forScope /Fo"Debug\\" /Fd"Debug\vc110.pdb" /Gd /TP /analyze- /errorReport:prompt main.cpp objloader.cpp texture.cpp
         texture.cpp
     1>c:\users\kevin\documents\visual studio 2012\projects\graphics_lab_3\graphics_lab_3\texture.cpp(23): warning C4996: 'fopen': This function or variable may be unsafe. Consider using fopen_s instead. To disable deprecation, use _CRT_SECURE_NO_WARNINGS. See online help for details.
                 c:\program files (x86)\microsoft visual studio 11.0\vc\include\stdio.h(218) : see declaration of 'fopen'
     1>c:\users\kevin\documents\visual studio 2012\projects\graphics_lab_3\graphics_lab_3\texture.cpp(127): warning C4996: 'fopen': This function or variable may be unsafe. Consider using fopen_s instead. To disable deprecation, use _CRT_SECURE_NO_WARNINGS. See online help for details.
                 c:\program files (x86)\microsoft visual studio 11.0\vc\include\stdio.h(218) : see declaration of 'fopen'
         objloader.cpp
     1>c:\users\kevin\documents\visual studio 2012\projects\graphics_lab_3\graphics_lab_3\objloader.cpp(34): warning C4996: 'fopen': This function or variable may be unsafe. Consider using fopen_s instead. To disable deprecation, use _CRT_SECURE_NO_WARNINGS. See online help for details.
                 c:\program files (x86)\microsoft visual studio 11.0\vc\include\stdio.h(218) : see declaration of 'fopen'
     1>c:\users\kevin\documents\visual studio 2012\projects\graphics_lab_3\graphics_lab_3\objloader.cpp(45): warning C4996: 'fscanf': This function or variable may be unsafe. Consider using fscanf_s instead. To disable deprecation, use _CRT_SECURE_NO_WARNINGS. See online help for details.
                 c:\program files (x86)\microsoft visual studio 11.0\vc\include\stdio.h(237) : see declaration of 'fscanf'
     1>c:\users\kevin\documents\visual studio 2012\projects\graphics_lab_3\graphics_lab_3\objloader.cpp(53): warning C4996: 'fscanf': This function or variable may be unsafe. Consider using fscanf_s instead. To disable deprecation, use _CRT_SECURE_NO_WARNINGS. See online help for details.
                 c:\program files (x86)\microsoft visual studio 11.0\vc\include\stdio.h(237) : see declaration of 'fscanf'
     1>c:\users\kevin\documents\visual studio 2012\projects\graphics_lab_3\graphics_lab_3\objloader.cpp(57): warning C4996: 'fscanf': This function or variable may be unsafe. Consider using fscanf_s instead. To disable deprecation, use _CRT_SECURE_NO_WARNINGS. See online help for details.
                 c:\program files (x86)\microsoft visual studio 11.0\vc\include\stdio.h(237) : see declaration of 'fscanf'
     1>c:\users\kevin\documents\visual studio 2012\projects\graphics_lab_3\graphics_lab_3\objloader.cpp(62): warning C4996: 'fscanf': This function or variable may be unsafe. Consider using fscanf_s instead. To disable deprecation, use _CRT_SECURE_NO_WARNINGS. See online help for details.
                 c:\program files (x86)\microsoft visual studio 11.0\vc\include\stdio.h(237) : see declaration of 'fscanf'
     1>c:\users\kevin\documents\visual studio 2012\projects\graphics_lab_3\graphics_lab_3\objloader.cpp(67): warning C4996: 'fscanf': This function or variable may be unsafe. Consider using fscanf_s instead. To disable deprecation, use _CRT_SECURE_NO_WARNINGS. See online help for details.
                 c:\program files (x86)\microsoft visual studio 11.0\vc\include\stdio.h(237) : see declaration of 'fscanf'
         main.cpp
         Generating Code...
       Link:
         C:\Program Files (x86)\Microsoft Visual Studio 11.0\VC\bin\link.exe /ERRORREPORT:PROMPT /OUT:"C:\Users\Kevin\Documents\Visual Studio 2012\Projects\Graphics_Lab_3\Debug\Graphics_Lab_3.exe" /INCREMENTAL /NOLOGO /LIBPATH:"C:\Users\Kevin\Documents\Visual Studio 2012\libs" glew32.lib glfw3.lib opengl32.lib kernel32.lib user32.lib gdi32.lib winspool.lib comdlg32.lib advapi32.lib shell32.lib ole32.lib oleaut32.lib uuid.lib odbc32.lib odbccp32.lib kernel32.lib user32.lib gdi32.lib winspool.lib comdlg32.lib advapi32.lib shell32.lib ole32.lib oleaut32.lib uuid.lib odbc32.lib odbccp32.lib /MANIFEST /MANIFESTUAC:"level='asInvoker' uiAccess='false'" /manifest:embed /DEBUG /PDB:"C:\Users\Kevin\Documents\Visual Studio 2012\Projects\Graphics_Lab_3\Debug\Graphics_Lab_3.pdb" /TLBID:1 /DYNAMICBASE /NXCOMPAT /IMPLIB:"C:\Users\Kevin\Documents\Visual Studio 2012\Projects\Graphics_Lab_3\Debug\Graphics_Lab_3.lib" /MACHINE:X86 Debug\controls.obj
         Debug\main.obj
         Debug\objloader.obj
         Debug\obj_parser.obj
         Debug\shader.obj
         Debug\texture.obj
     1>LINK : warning LNK4098: defaultlib 'MSVCRT' conflicts with use of other libs; use /NODEFAULTLIB:library
         Graphics_Lab_3.vcxproj -> C:\Users\Kevin\Documents\Visual Studio 2012\Projects\Graphics_Lab_3\Debug\Graphics_Lab_3.exe
     1>Done Building Project "C:\Users\Kevin\Documents\Visual Studio 2012\Projects\Graphics_Lab_3\Graphics_Lab_3\Graphics_Lab_3.vcxproj" (Build target(s)).

Build succeeded.

Time Elapsed 00:00:15.49
